make all --print-data-base --no-builtin-variables --no-builtin-rules --question
# GNU Make 3.81
# Copyright (C) 2006  Free Software Foundation, Inc.
# This is free software; see the source for copying conditions.
# There is NO warranty; not even for MERCHANTABILITY or FITNESS FOR A
# PARTICULAR PURPOSE.

# This program built for i386-apple-darwin11.3.0

# Make data base, printed on Wed May 25 21:42:39 2022

# Variables

# automatic
<D = $(patsubst %/,%,$(dir $<))
# automatic
?F = $(notdir $?)
# environment
ELECTRON_NO_ATTACH_CONSOLE = 1
# makefile (from `Makefile', line 42)
M_SRCB = args.c operation.c moves.c ft_atoi.c ft_isdigit.c ft_split.c ft_strlen.c ft_strjoin.c ft_calloc.c ft_bzero.c ft_strlcat.c ft_strlcpy.c get_next.c utils.c checker.c
# environment
VSCODE_LOG_NATIVE = false
# automatic
?D = $(patsubst %/,%,$(dir $?))
# automatic
@D = $(patsubst %/,%,$(dir $@))
# automatic
@F = $(notdir $@)
# makefile
CURDIR := /Users/mfagri/Desktop/push_swap
# makefile
SHELL = /bin/sh
# environment
VSCODE_NLS_CONFIG = {"locale":"en-us","availableLanguages":{},"_languagePackSupport":true}
# environment
_ = /usr/bin/make
# makefile (from `Makefile', line 18)
CFLAGS = -Wall -Wextra -Werror
# makefile (from `Makefile', line 1)
MAKEFILE_LIST :=  Makefile
# environment
VSCODE_VERBOSE_LOGGING = true
# environment
P9K_SSH = 0
# environment
VSCODE_IPC_HOOK_EXTHOST = /var/folders/zz/zyxvpxvq6csfxvn_n000ccsr00336f/T/vscode-ipc-0a85efb5-978e-4887-8ca9-4a519a66ab69.sock
# environment
VSCODE_CWD = /Users/mfagri/Desktop/push_swap
# environment
Apple_PubSub_Socket_Render = /private/tmp/com.apple.launchd.hrUshXWZCF/Render
# makefile (from `Makefile', line 15)
CHECKER = checker
# environment
PATH = /Users/mfagri/.brew/bin:/usr/local/bin:/usr/bin:/bin:/usr/sbin:/sbin:/usr/local/munki:/Library/Frameworks/Mono.framework/Versions/Current/Commands:/Users/mfagri/goinfre/devtools/Android/sdk/tools/bin:/Users/mfagri/goinfre/devtools/Android/sdk/emulator:/Users/mfagri/goinfre/devtools/flutter/bin:/Users/mfagri/goinfre/devtools/gradle/bin:/Applications/Visual Studio Code.app/Contents/Resources/app/bin:/Users/mfagri/goinfre/devtools/jdk/Contents/Home/bin
# environment
LSCOLORS = Gxfxcxdxbxegedabagacad
# makefile (from `Makefile', line 20)
M_SRCS = utils.c operation.c moves.c sort_small_nb.c ft_atoi.c ft_isdigit.c ft_split.c ft_strjoin.c ft_calloc.c ft_bzero.c ft_strlcat.c ft_strlcpy.c get_next.c sort_small_nb.c sort2.c utils2.c ft_strlen.c utils3.c longest_increasing_sub.c args.c push_swap.c 
# environment
VSCODE_LOG_STACK = false
# environment
ELECTRON_RUN_AS_NODE = 1
# default
.FEATURES := target-specific order-only second-expansion else-if archives jobserver check-symlink
# environment
SSH_AUTH_SOCK = /private/tmp/com.apple.launchd.A3wMx7ANTm/Listeners
# automatic
%F = $(notdir $%)
# environment
HOMEBREW_TEMP = /tmp/mfagri/Homebrew/Temp
# environment
VSCODE_PIPE_LOGGING = true
# makefile (from `Makefile', line 58)
M_OBJS = $(M_SRCS:.c=.o)
# environment
PWD = /Users/mfagri/Desktop/push_swap
# environment
ORIGINAL_XDG_CURRENT_DESKTOP = undefined
# environment
VSCODE_AMD_ENTRYPOINT = vs/workbench/api/node/extensionHostProcess
# environment
HOME = /Users/mfagri
# default
MAKEFILEPATH = $(shell /usr/bin/xcode-select -print-path 2>/dev/null || echo /Developer)/Makefiles
# environment
VSCODE_CLI = 1
# environment
VSCODE_CODE_CACHE_PATH = /Users/mfagri/Library/Application Support/Code/CachedData/57fd6d0195bb9b9d1b49f6da5db789060795de47
# environment
LOGNAME = mfagri
# environment
APPLICATION_INSIGHTS_NO_DIAGNOSTIC_CHANNEL = 1
# environment
ZSH = /Users/mfagri/.oh-my-zsh
# environment
VSCODE_HANDLES_UNCAUGHT_ERRORS = true
# automatic
^D = $(patsubst %/,%,$(dir $^))
# environment
GRADLE_USER_HOME = /Users/mfagri/goinfre/devtools/gradle
# environment
XPC_FLAGS = 0x0
# environment
COLORTERM = truecolor
# default
MAKE = $(MAKE_COMMAND)
# environment
LC_TERMINAL = iTerm2
# environment
HOMEBREW_CACHE = /tmp/mfagri/Homebrew/Caches
# environment
SHLVL = 3
# makefile (from `Makefile', line 14)
CC = cc
# environment
DEV_TOOLS = /Users/mfagri/goinfre/devtools
# environment
JAVA_HOME = /Users/mfagri/goinfre/devtools/jdk/Contents/Home
# default
MAKE_VERSION := 3.81
# environment
USER = mfagri
# makefile
.DEFAULT_GOAL := all
# default
MAKECMDGOALS := all
# environment
TERM_SESSION_ID = w0t0p0:0F69558A-A6DC-4C1F-9908-E5209E9F1738
# makefile (from `Makefile', line 13)
NAME = push_swap
# environment
LESS = -R
# automatic
%D = $(patsubst %/,%,$(dir $%))
# makefile (from `Makefile', line 60)
M_OBJB = $(M_SRCB:.c=.o)
# default
MAKE_COMMAND := /Library/Developer/CommandLineTools/usr/bin/make
# makefile (from `Makefile', line 16)
INC = push_swap.h
# environment
TERM_PROGRAM = iTerm.app
# default
.VARIABLES := 
# environment
TMPDIR = /var/folders/zz/zyxvpxvq6csfxvn_n000ccsr00336f/T/
# automatic
*F = $(notdir $*)
# environment
VSCODE_IPC_HOOK = /Users/mfagri/Library/Application Support/Code/1.67.0-main.sock
# makefile
MAKEFLAGS = Rrqp
# environment
MFLAGS = -Rrqp
# automatic
*D = $(patsubst %/,%,$(dir $*))
# environment
TERM_PROGRAM_VERSION = 3.4.13
# environment
XPC_SERVICE_NAME = 0
# environment
LC_TERMINAL_VERSION = 3.4.13
# automatic
+D = $(patsubst %/,%,$(dir $+))
# automatic
+F = $(notdir $+)
# environment
ITERM_SESSION_ID = w0t0p0:0F69558A-A6DC-4C1F-9908-E5209E9F1738
# environment
COLORFGBG = 7;0
# environment
__CF_USER_TEXT_ENCODING = 0x18CCE:0x0:0x0
# environment
COMMAND_MODE = unix2003
# default
MAKEFILES := 
# automatic
<F = $(notdir $<)
# environment
ITERM_PROFILE = Default
# environment
APPS = /Users/mfagri/goinfre/apps
# environment
PAGER = less
# environment
ANDROID_SDK_ROOT = /Users/mfagri/goinfre/devtools/Android/sdk
# environment
LC_ALL = C
# environment
SECURITYSESSIONID = 186a8
# environment
P9K_TTY = old
# automatic
^F = $(notdir $^)
# environment
GRADLE_OPTS = -Dgradle.user.home=/Users/mfagri/goinfre/devtools/gradle
# default
SUFFIXES := 
# environment
JAVA_17_HOME = /Users/mfagri/goinfre/devtools/jdk/Contents/Home
# default
.INCLUDE_DIRS = /usr/local/include
# environment
MAKELEVEL := 0
# environment
LANG = C
# environment
TERM = xterm-256color
# environment
_P9K_TTY = /dev/ttys000
# environment
VSCODE_PID = 2211
# variable set hash-table stats:
# Load=100/1024=10%, Rehash=0, Collisions=9/137=7%

# Pattern-specific Variable Values

# No pattern-specific variable values.

# Directories

# . (device 16777227, inode 1904772): 27 files, no impossibilities.

# 27 files, no impossibilities in 1 directories.

# Implicit Rules

%.o: %.c push_swap.h
#  commands to execute (from `Makefile', line 77):
	$(CC) $(CFLAGS) -c $< -o $@
	

# 1 implicit rules, 0 (0.0%) terminal.

# Files

# Not a target:
ft_strlen.o:
#  Implicit rule search has not been done.
#  Modification time never checked.
#  File has not been updated.

# Not a target:
ft_isdigit.o:
#  Implicit rule search has not been done.
#  Modification time never checked.
#  File has not been updated.

all: push_swap
#  Command-line target.
#  Implicit rule search has been done.
#  File does not exist.
#  File has been updated.
#  Needs to be updated (-q is set).
# variable set hash-table stats:
# Load=0/32=0%, Rehash=0, Collisions=0/4=0%

# Not a target:
utils.c:
#  Implicit rule search has been done.
#  Last modified 2022-05-25 21:42:26
#  File has been updated.
#  Successfully updated.
# variable set hash-table stats:
# Load=0/32=0%, Rehash=0, Collisions=0/0=0%

# Not a target:
ft_strjoin.o:
#  Implicit rule search has not been done.
#  Modification time never checked.
#  File has not been updated.

# Not a target:
ft_split.o:
#  Implicit rule search has not been done.
#  Modification time never checked.
#  File has not been updated.

# Not a target:
push_swap.h:
#  Implicit rule search has been done.
#  Last modified 2022-05-25 21:42:26
#  File has been updated.
#  Successfully updated.
# variable set hash-table stats:
# Load=0/32=0%, Rehash=0, Collisions=0/0=0%

# Not a target:
utils2.o:
#  Implicit rule search has not been done.
#  Modification time never checked.
#  File has not been updated.

# Not a target:
ft_strlcat.o:
#  Implicit rule search has not been done.
#  Modification time never checked.
#  File has not been updated.

# Not a target:
.SUFFIXES:
#  Implicit rule search has not been done.
 
#  Modification time never checked.
#  File has not been updated.

# Not a target:
Makefile:
#  Implicit rule search has been done.
#  Last modified 2022-05-25 21:42:26
#  File has been updated.
#  Successfully updated.
# variable set hash-table stats:
# Load=0/32=0%, Rehash=0, Collisions=0/0=0%

# Not a target:
ft_bzero.o:
#  Implicit rule search has not been done.
#  Modification time never checked.
#  File has not been updated.

bonus: checker push_swap
#  Implicit rule search has not been done.
#  Modification time never checked.
#  File has not been updated.

# Not a target:
get_next.o:
#  Implicit rule search has not been done.
#  Modification time never checked.
#  File has not been updated.

fclean: clean
#  Implicit rule search has not been done.
#  Modification time never checked.
#  File has not been updated.
#  commands to execute (from `Makefile', line 83):
	rm -rf $(NAME) $(CHECKER)
	

# Not a target:
ft_calloc.o:
#  Implicit rule search has not been done.
#  Modification time never checked.
#  File has not been updated.

# Not a target:
moves.o:
#  Implicit rule search has not been done.
#  Modification time never checked.
#  File has not been updated.

# Not a target:
args.o:
#  Implicit rule search has not been done.
#  Modification time never checked.
#  File has not been updated.

# Not a target:
.DEFAULT:
#  Implicit rule search has not been done.
#  Modification time never checked.
#  File has not been updated.

# Not a target:
ft_strlcpy.o:
#  Implicit rule search has not been done.
#  Modification time never checked.
#  File has not been updated.

# Not a target:
checker.o:
#  Implicit rule search has not been done.
#  Modification time never checked.
#  File has not been updated.

checker: args.o operation.o moves.o ft_atoi.o ft_isdigit.o ft_split.o ft_strlen.o ft_strjoin.o ft_calloc.o ft_bzero.o ft_strlcat.o ft_strlcpy.o get_next.o utils.o checker.o
#  Implicit rule search has not been done.
#  Modification time never checked.
#  File has not been updated.
#  commands to execute (from `Makefile', line 74):
	$(CC) $(CFLAGS) $^ -o $@
	

re: fclean all
#  Implicit rule search has not been done.
#  Modification time never checked.
#  File has not been updated.

# Not a target:
utils3.o:
#  Implicit rule search has not been done.
#  Modification time never checked.
#  File has not been updated.

clean:
#  Implicit rule search has not been done.
#  Modification time never checked.
#  File has not been updated.
#  commands to execute (from `Makefile', line 80):
	rm -rf $(M_OBJS) $(M_OBJB)
	

# Not a target:
sort_small_nb.o:
#  Implicit rule search has not been done.
#  Modification time never checked.
#  File has not been updated.

# Not a target:
push_swap.o:
#  Implicit rule search has not been done.
#  Modification time never checked.
#  File has not been updated.

push_swap: utils.o operation.o moves.o sort_small_nb.o ft_atoi.o ft_isdigit.o ft_split.o ft_strjoin.o ft_calloc.o ft_bzero.o ft_strlcat.o ft_strlcpy.o get_next.o sort_small_nb.o sort2.o utils2.o ft_strlen.o utils3.o longest_increasing_sub.o args.o push_swap.o
#  Implicit rule search has not been done.
#  File does not exist.
#  File has been updated.
#  Needs to be updated (-q is set).
# variable set hash-table stats:
# Load=0/32=0%, Rehash=0, Collisions=0/4=0%
#  commands to execute (from `Makefile', line 65):
	$(CC) $(CFLAGS) $^ -o $@
	

# Not a target:
sort2.o:
#  Implicit rule search has not been done.
#  Modification time never checked.
#  File has not been updated.

utils.o: utils.c push_swap.h
#  Implicit rule search has been done.
#  Implicit/static pattern stem: `utils'
#  File does not exist.
#  File has been updated.
#  Needs to be updated (-q is set).
# automatic
# @ := utils.o
# automatic
# % := 
# automatic
# * := utils
# automatic
# + := utils.c push_swap.h
# automatic
# | := 
# automatic
# < := utils.c
# automatic
# ^ := utils.c push_swap.h
# automatic
# ? := utils.c push_swap.h
# variable set hash-table stats:
# Load=8/32=25%, Rehash=0, Collisions=1/14=7%
#  commands to execute (from `Makefile', line 77):
	$(CC) $(CFLAGS) -c $< -o $@
	

# Not a target:
operation.o:
#  Implicit rule search has not been done.
#  Modification time never checked.
#  File has not been updated.

# Not a target:
ft_atoi.o:
#  Implicit rule search has not been done.
#  Modification time never checked.
#  File has not been updated.

# Not a target:
longest_increasing_sub.o:
#  Implicit rule search has not been done.
#  Modification time never checked.
#  File has not been updated.

# files hash-table stats:
# Load=33/1024=3%, Rehash=0, Collisions=3/93=3%
# VPATH Search Paths

# No `vpath' search paths.

# No general (`VPATH' variable) search path.

# # of strings in strcache: 1
# # of strcache buffers: 1
# strcache size: total = 4096 / max = 4096 / min = 4096 / avg = 4096
# strcache free: total = 4087 / max = 4087 / min = 4087 / avg = 4087

# Finished Make data base on Wed May 25 21:42:39 2022

 
